2019-02-17 23:48:57 [scrapy.utils.log] INFO: Scrapy 1.6.0 started (bot: tutorial)
2019-02-17 23:48:57 [scrapy.utils.log] INFO: Versions: lxml 4.3.1.0, libxml2 2.9.5, cssselect 1.0.3, parsel 1.5.1, w3lib 1.20.0, Twisted 18.9.0, Python 3.7.0 (v3.7.0:1bf9cc5093, Jun 27 2018, 04:59:51) [MSC v.1914 64 bit (AMD64)], pyOpenSSL 19.0.0 (OpenSSL 1.1.1a  20 Nov 2018), cryptography 2.5, Platform Windows-10-10.0.17763-SP0
2019-02-17 23:48:57 [scrapy.crawler] INFO: Overridden settings: {'BOT_NAME': 'tutorial', 'FEED_FORMAT': 'jl', 'FEED_URI': 'file.jl', 'LOG_ENABLED': False, 'LOG_FILE': '../tutorial/books.log', 'LOG_LEVEL': 20, 'MAIL_HOST': 'smtp.gmail.com', 'MAIL_PASS': 'lost7777', 'MAIL_PORT': 587, 'MAIL_USER': 'kardanalkash@gmail.com', 'NEWSPIDER_MODULE': 'tutorial.spiders', 'ROBOTSTXT_OBEY': True, 'SPIDER_MODULES': ['tutorial.spiders'], 'STATSMAILER_RCPTS': ['razerdevice@gmail.com'], 'USER_AGENT': 'Mozilla/5.0 (X11; Linux x86_64; rv:7.0.1) Gecko/20100101 Firefox/7.7'}
2019-02-17 23:48:57 [scrapy.extensions.telnet] INFO: Telnet Password: e08d94fdee01330b
2019-02-17 23:48:57 [scrapy.middleware] INFO: Enabled extensions:
['scrapy.extensions.corestats.CoreStats',
 'scrapy.extensions.telnet.TelnetConsole',
 'scrapy.extensions.feedexport.FeedExporter',
 'scrapy.extensions.logstats.LogStats',
 'scrapy.extensions.statsmailer.StatsMailer']
2019-02-17 23:48:57 [scrapy.middleware] INFO: Enabled downloader middlewares:
['scrapy.downloadermiddlewares.robotstxt.RobotsTxtMiddleware',
 'scrapy.downloadermiddlewares.httpauth.HttpAuthMiddleware',
 'scrapy.downloadermiddlewares.downloadtimeout.DownloadTimeoutMiddleware',
 'scrapy.downloadermiddlewares.defaultheaders.DefaultHeadersMiddleware',
 'scrapy.downloadermiddlewares.useragent.UserAgentMiddleware',
 'scrapy.downloadermiddlewares.retry.RetryMiddleware',
 'scrapy.downloadermiddlewares.redirect.MetaRefreshMiddleware',
 'scrapy.downloadermiddlewares.httpcompression.HttpCompressionMiddleware',
 'scrapy.downloadermiddlewares.redirect.RedirectMiddleware',
 'scrapy.downloadermiddlewares.cookies.CookiesMiddleware',
 'scrapy.downloadermiddlewares.httpproxy.HttpProxyMiddleware',
 'scrapy.downloadermiddlewares.stats.DownloaderStats']
2019-02-17 23:48:57 [scrapy.middleware] INFO: Enabled spider middlewares:
['scrapy.spidermiddlewares.httperror.HttpErrorMiddleware',
 'scrapy.spidermiddlewares.offsite.OffsiteMiddleware',
 'scrapy.spidermiddlewares.referer.RefererMiddleware',
 'scrapy.spidermiddlewares.urllength.UrlLengthMiddleware',
 'scrapy.spidermiddlewares.depth.DepthMiddleware']
2019-02-17 23:48:57 [scrapy.middleware] INFO: Enabled item pipelines:
['scrapy.pipelines.images.ImagesPipeline', 'tutorial.pipelines.BooksPipeline']
2019-02-17 23:48:57 [scrapy.core.engine] INFO: Spider opened
2019-02-17 23:48:57 [scrapy.extensions.logstats] INFO: Crawled 0 pages (at 0 pages/min), scraped 0 items (at 0 items/min)
2019-02-17 23:48:57 [scrapy.extensions.telnet] INFO: Telnet console listening on 127.0.0.1:6023
2019-02-17 23:48:58 [root] WARNING: 200
2019-02-17 23:48:58 [books] INFO: Visited http://books.toscrape.com/catalogue/its-only-the-himalayas_981/index.html
2019-02-17 23:48:58 [root] WARNING: 200
2019-02-17 23:48:58 [books] INFO: Visited http://books.toscrape.com/catalogue/libertarianism-for-beginners_982/index.html
2019-02-17 23:48:58 [root] WARNING: 200
2019-02-17 23:48:58 [books] INFO: Visited http://books.toscrape.com/catalogue/mesaerion-the-best-science-fiction-stories-1800-1849_983/index.html
2019-02-17 23:48:58 [root] WARNING: 200
2019-02-17 23:48:58 [books] INFO: Visited http://books.toscrape.com/catalogue/set-me-free_988/index.html
2019-02-17 23:48:58 [root] WARNING: 200
2019-02-17 23:48:58 [books] INFO: Visited http://books.toscrape.com/catalogue/scott-pilgrims-precious-little-life-scott-pilgrim-1_987/index.html
2019-02-17 23:48:58 [root] WARNING: 200
2019-02-17 23:48:58 [books] INFO: Visited http://books.toscrape.com/catalogue/rip-it-up-and-start-again_986/index.html
2019-02-17 23:48:58 [root] WARNING: 200
2019-02-17 23:48:58 [books] INFO: Visited http://books.toscrape.com/catalogue/olio_984/index.html
2019-02-17 23:48:58 [root] WARNING: 200
2019-02-17 23:48:58 [books] INFO: Visited http://books.toscrape.com/catalogue/our-band-could-be-your-life-scenes-from-the-american-indie-underground-1981-1991_985/index.html
2019-02-17 23:48:58 [root] WARNING: 200
2019-02-17 23:48:58 [books] INFO: Visited http://books.toscrape.com/catalogue/shakespeares-sonnets_989/index.html
2019-02-17 23:48:58 [root] WARNING: 200
2019-02-17 23:48:58 [books] INFO: Visited http://books.toscrape.com/catalogue/the-black-maria_991/index.html
2019-02-17 23:48:58 [root] WARNING: 200
2019-02-17 23:48:58 [books] INFO: Visited http://books.toscrape.com/catalogue/the-coming-woman-a-novel-based-on-the-life-of-the-infamous-feminist-victoria-woodhull_993/index.html
2019-02-17 23:48:58 [root] WARNING: 200
2019-02-17 23:48:58 [books] INFO: Visited http://books.toscrape.com/catalogue/the-dirty-little-secrets-of-getting-your-dream-job_994/index.html
2019-02-17 23:48:58 [root] WARNING: 200
2019-02-17 23:48:58 [books] INFO: Visited http://books.toscrape.com/catalogue/the-boys-in-the-boat-nine-americans-and-their-epic-quest-for-gold-at-the-1936-berlin-olympics_992/index.html
2019-02-17 23:48:58 [root] WARNING: 200
2019-02-17 23:48:58 [books] INFO: Visited http://books.toscrape.com/catalogue/starving-hearts-triangular-trade-trilogy-1_990/index.html
2019-02-17 23:48:58 [root] WARNING: 200
2019-02-17 23:48:58 [books] INFO: Visited http://books.toscrape.com/catalogue/the-requiem-red_995/index.html
2019-02-17 23:48:58 [root] WARNING: 200
2019-02-17 23:48:58 [books] INFO: Visited http://books.toscrape.com/catalogue/sapiens-a-brief-history-of-humankind_996/index.html
2019-02-17 23:48:58 [root] WARNING: 200
2019-02-17 23:48:58 [books] INFO: Visited http://books.toscrape.com/catalogue/sharp-objects_997/index.html
2019-02-17 23:48:58 [root] WARNING: 200
2019-02-17 23:48:58 [books] INFO: Visited http://books.toscrape.com/catalogue/tipping-the-velvet_999/index.html
2019-02-17 23:48:58 [root] WARNING: 200
2019-02-17 23:48:58 [books] INFO: Visited http://books.toscrape.com/catalogue/a-light-in-the-attic_1000/index.html
2019-02-17 23:48:58 [root] WARNING: 200
2019-02-17 23:48:58 [books] INFO: Visited http://books.toscrape.com/catalogue/soumission_998/index.html
2019-02-17 23:48:58 [scrapy.core.engine] INFO: Closing spider (finished)
2019-02-17 23:48:58 [scrapy.extensions.feedexport] INFO: Stored jl feed (20 items) in: file.jl
2019-02-17 23:49:01 [scrapy.mail] INFO: Mail sent OK: To=['razerdevice@gmail.com'] Cc=[] Subject="Scrapy stats for: books" Attachs=0
2019-02-17 23:49:01 [scrapy.statscollectors] INFO: Dumping Scrapy stats:
{'downloader/request_bytes': 14361,
 'downloader/request_count': 42,
 'downloader/request_method_count/GET': 42,
 'downloader/response_bytes': 790952,
 'downloader/response_count': 42,
 'downloader/response_status_count/200': 41,
 'downloader/response_status_count/404': 1,
 'file_count': 20,
 'file_status_count/downloaded': 20,
 'finish_reason': 'finished',
 'finish_time': datetime.datetime(2019, 2, 17, 21, 48, 58, 932416),
 'item_scraped_count': 20,
 'log_count/INFO': 31,
 'log_count/WARNING': 20,
 'request_depth_max': 1,
 'response_received_count': 42,
 'robotstxt/request_count': 1,
 'robotstxt/response_count': 1,
 'robotstxt/response_status_count/404': 1,
 'scheduler/dequeued': 21,
 'scheduler/dequeued/memory': 21,
 'scheduler/enqueued': 21,
 'scheduler/enqueued/memory': 21,
 'start_time': datetime.datetime(2019, 2, 17, 21, 48, 57, 436961)}
2019-02-17 23:49:01 [scrapy.core.engine] INFO: Spider closed (finished)
